SF:lib/pokemon/entities/pokemon.dart
DA:20,2
DA:40,2
DA:41,4
DA:42,4
DA:43,4
DA:44,4
DA:45,6
DA:46,4
DA:47,4
DA:48,4
DA:49,4
DA:50,4
DA:51,6
DA:52,6
DA:53,4
DA:54,8
DA:55,6
DA:57,2
DA:58,4
DA:60,2
DA:61,2
DA:63,4
DA:64,6
DA:68,2
DA:69,4
DA:70,2
DA:71,2
DA:73,4
DA:74,6
DA:79,2
DA:80,2
DA:82,2
DA:84,4
DA:86,4
DA:87,4
DA:99,2
DA:101,2
DA:102,4
DA:103,4
DA:111,2
DA:113,2
DA:114,4
DA:115,4
LF:43
LH:43
end_of_record
SF:lib/pokemon/services/api/api_caller.dart
DA:9,0
DA:10,0
DA:11,0
DA:14,0
DA:16,0
DA:17,0
DA:19,0
DA:21,0
DA:27,1
DA:28,1
DA:31,1
LF:11
LH:3
end_of_record
SF:lib/pokemon/services/api/api_response.dart
DA:5,1
LF:1
LH:1
end_of_record
SF:lib/pokemon/services/pokemon_service.dart
DA:7,1
DA:10,1
DA:12,3
DA:14,2
DA:16,1
DA:17,1
LF:6
LH:6
end_of_record
